2024-09-08 11:47:07.074  INFO 13604 --- [main] c.shopme.admin.ShopmeBackEndApplication  : Starting ShopmeBackEndApplication using Java 17.0.4.1 on DESKTOP-VPP476Q with PID 13604 (C:\Users\afpob\Desktop\eCommerce\eCommerce\ShopmeProject\ShopmeWebParent\ShopmeBackEnd\target\classes started by afpob in C:\Users\afpob\Desktop\eCommerce\eCommerce\ShopmeProject\ShopmeWebParent\ShopmeBackEnd)
2024-09-08 11:47:07.079  INFO 13604 --- [main] c.shopme.admin.ShopmeBackEndApplication  : No active profile set, falling back to 1 default profile: "default"
2024-09-08 11:47:08.266  INFO 13604 --- [main] .s.d.r.c.RepositoryConfigurationDelegate : Bootstrapping Spring Data JPA repositories in DEFAULT mode.
2024-09-08 11:47:08.357  INFO 13604 --- [main] .s.d.r.c.RepositoryConfigurationDelegate : Finished Spring Data repository scanning in 70 ms. Found 2 JPA repository interfaces.
2024-09-08 11:47:09.686  INFO 13604 --- [main] o.s.b.w.embedded.tomcat.TomcatWebServer  : Tomcat initialized with port(s): 8080 (http)
2024-09-08 11:47:09.700  INFO 13604 --- [main] o.apache.catalina.core.StandardService   : Starting service [Tomcat]
2024-09-08 11:47:09.701  INFO 13604 --- [main] org.apache.catalina.core.StandardEngine  : Starting Servlet engine: [Apache Tomcat/9.0.65]
2024-09-08 11:47:09.866  INFO 13604 --- [main] o.a.c.c.C.[.[localhost].[/ShopmeAdmin]   : Initializing Spring embedded WebApplicationContext
2024-09-08 11:47:09.867  INFO 13604 --- [main] w.s.c.ServletWebServerApplicationContext : Root WebApplicationContext: initialization completed in 2688 ms
2024-09-08 11:47:10.205  INFO 13604 --- [main] o.hibernate.jpa.internal.util.LogHelper  : HHH000204: Processing PersistenceUnitInfo [name: default]
2024-09-08 11:47:10.281  INFO 13604 --- [main] org.hibernate.Version                    : HHH000412: Hibernate ORM core version 5.6.10.Final
2024-09-08 11:47:10.500  INFO 13604 --- [main] o.hibernate.annotations.common.Version   : HCANN000001: Hibernate Commons Annotations {5.1.2.Final}
2024-09-08 11:47:10.694  INFO 13604 --- [main] com.zaxxer.hikari.HikariDataSource       : HikariPool-1 - Starting...
2024-09-08 11:47:11.089  INFO 13604 --- [main] com.zaxxer.hikari.HikariDataSource       : HikariPool-1 - Start completed.
2024-09-08 11:47:11.131  INFO 13604 --- [main] org.hibernate.dialect.Dialect            : HHH000400: Using dialect: org.hibernate.dialect.MySQL8Dialect
2024-09-08 11:47:12.075  INFO 13604 --- [main] o.h.e.t.j.p.i.JtaPlatformInitiator       : HHH000490: Using JtaPlatform implementation: [org.hibernate.engine.transaction.jta.platform.internal.NoJtaPlatform]
2024-09-08 11:47:12.084  INFO 13604 --- [main] j.LocalContainerEntityManagerFactoryBean : Initialized JPA EntityManagerFactory for persistence unit 'default'
2024-09-08 11:47:12.138  WARN 13604 --- [main] JpaBaseConfiguration$JpaWebConfiguration : spring.jpa.open-in-view is enabled by default. Therefore, database queries may be performed during view rendering. Explicitly configure spring.jpa.open-in-view to disable this warning
2024-09-08 11:47:12.836  WARN 13604 --- [main] o.s.s.c.a.web.builders.WebSecurity       : You are asking Spring Security to ignore Ant [pattern='/images/**']. This is not recommended -- please use permitAll via HttpSecurity#authorizeHttpRequests instead.
2024-09-08 11:47:12.839  INFO 13604 --- [main] o.s.s.web.DefaultSecurityFilterChain     : Will not secure Ant [pattern='/images/**']
2024-09-08 11:47:12.841  WARN 13604 --- [main] o.s.s.c.a.web.builders.WebSecurity       : You are asking Spring Security to ignore Ant [pattern='js/']. This is not recommended -- please use permitAll via HttpSecurity#authorizeHttpRequests instead.
2024-09-08 11:47:12.841  INFO 13604 --- [main] o.s.s.web.DefaultSecurityFilterChain     : Will not secure Ant [pattern='js/']
2024-09-08 11:47:12.841  WARN 13604 --- [main] o.s.s.c.a.web.builders.WebSecurity       : You are asking Spring Security to ignore Ant [pattern='/webjars/**']. This is not recommended -- please use permitAll via HttpSecurity#authorizeHttpRequests instead.
2024-09-08 11:47:12.842  INFO 13604 --- [main] o.s.s.web.DefaultSecurityFilterChain     : Will not secure Ant [pattern='/webjars/**']
2024-09-08 11:47:12.940  INFO 13604 --- [main] o.s.s.web.DefaultSecurityFilterChain     : Will secure any request with [org.springframework.security.web.session.DisableEncodeUrlFilter@76cbee13, org.springframework.security.web.context.request.async.WebAsyncManagerIntegrationFilter@59d09ff3, org.springframework.security.web.context.SecurityContextPersistenceFilter@7f2542f, org.springframework.security.web.header.HeaderWriterFilter@5186b78a, org.springframework.security.web.csrf.CsrfFilter@37393dab, org.springframework.security.web.authentication.logout.LogoutFilter@2352c21f, org.springframework.security.web.authentication.UsernamePasswordAuthenticationFilter@7164e28a, org.springframework.security.web.savedrequest.RequestCacheAwareFilter@301f9aa0, org.springframework.security.web.servletapi.SecurityContextHolderAwareRequestFilter@1fc4483f, org.springframework.security.web.authentication.rememberme.RememberMeAuthenticationFilter@2de07c57, org.springframework.security.web.authentication.AnonymousAuthenticationFilter@17d0d3d7, org.springframework.security.web.session.SessionManagementFilter@1e749235, org.springframework.security.web.access.ExceptionTranslationFilter@af57949, org.springframework.security.web.access.intercept.FilterSecurityInterceptor@32c8d67]
2024-09-08 11:47:13.282  INFO 13604 --- [main] o.s.b.a.w.s.WelcomePageHandlerMapping    : Adding welcome page template: index
2024-09-08 11:47:14.144  INFO 13604 --- [main] o.s.b.w.embedded.tomcat.TomcatWebServer  : Tomcat started on port(s): 8080 (http) with context path '/ShopmeAdmin'
2024-09-08 11:47:14.183  INFO 13604 --- [main] c.shopme.admin.ShopmeBackEndApplication  : Started ShopmeBackEndApplication in 7.704 seconds (JVM running for 8.292)
2024-09-08 11:54:25.280  INFO 13604 --- [SpringApplicationShutdownHook] j.LocalContainerEntityManagerFactoryBean : Closing JPA EntityManagerFactory for persistence unit 'default'
2024-09-08 11:54:25.282  INFO 13604 --- [SpringApplicationShutdownHook] com.zaxxer.hikari.HikariDataSource       : HikariPool-1 - Shutdown initiated...
2024-09-08 11:54:25.291  INFO 13604 --- [SpringApplicationShutdownHook] com.zaxxer.hikari.HikariDataSource       : HikariPool-1 - Shutdown completed.
2024-09-08 16:08:56.479  INFO 21740 --- [main] c.shopme.admin.ShopmeBackEndApplication  : Starting ShopmeBackEndApplication using Java 17.0.4.1 on DESKTOP-VPP476Q with PID 21740 (C:\Users\afpob\Desktop\eCommerce\eCommerce\ShopmeProject\ShopmeWebParent\ShopmeBackEnd\target\classes started by afpob in C:\Users\afpob\Desktop\eCommerce\eCommerce\ShopmeProject\ShopmeWebParent\ShopmeBackEnd)
2024-09-08 16:08:56.483  INFO 21740 --- [main] c.shopme.admin.ShopmeBackEndApplication  : No active profile set, falling back to 1 default profile: "default"
2024-09-08 16:08:57.445  INFO 21740 --- [main] .s.d.r.c.RepositoryConfigurationDelegate : Bootstrapping Spring Data JPA repositories in DEFAULT mode.
2024-09-08 16:08:57.521  INFO 21740 --- [main] .s.d.r.c.RepositoryConfigurationDelegate : Finished Spring Data repository scanning in 58 ms. Found 2 JPA repository interfaces.
2024-09-08 16:08:58.454  INFO 21740 --- [main] o.s.b.w.embedded.tomcat.TomcatWebServer  : Tomcat initialized with port(s): 8080 (http)
2024-09-08 16:08:58.483  INFO 21740 --- [main] o.apache.catalina.core.StandardService   : Starting service [Tomcat]
2024-09-08 16:08:58.484  INFO 21740 --- [main] org.apache.catalina.core.StandardEngine  : Starting Servlet engine: [Apache Tomcat/9.0.65]
2024-09-08 16:08:58.712  INFO 21740 --- [main] o.a.c.c.C.[.[localhost].[/ShopmeAdmin]   : Initializing Spring embedded WebApplicationContext
2024-09-08 16:08:58.713  INFO 21740 --- [main] w.s.c.ServletWebServerApplicationContext : Root WebApplicationContext: initialization completed in 2148 ms
2024-09-08 16:08:59.049  INFO 21740 --- [main] o.hibernate.jpa.internal.util.LogHelper  : HHH000204: Processing PersistenceUnitInfo [name: default]
2024-09-08 16:08:59.151  INFO 21740 --- [main] org.hibernate.Version                    : HHH000412: Hibernate ORM core version 5.6.10.Final
2024-09-08 16:08:59.400  INFO 21740 --- [main] o.hibernate.annotations.common.Version   : HCANN000001: Hibernate Commons Annotations {5.1.2.Final}
2024-09-08 16:08:59.503  INFO 21740 --- [main] com.zaxxer.hikari.HikariDataSource       : HikariPool-1 - Starting...
2024-09-08 16:08:59.859  INFO 21740 --- [main] com.zaxxer.hikari.HikariDataSource       : HikariPool-1 - Start completed.
2024-09-08 16:08:59.880  INFO 21740 --- [main] org.hibernate.dialect.Dialect            : HHH000400: Using dialect: org.hibernate.dialect.MySQL8Dialect
2024-09-08 16:09:00.827  INFO 21740 --- [main] o.h.e.t.j.p.i.JtaPlatformInitiator       : HHH000490: Using JtaPlatform implementation: [org.hibernate.engine.transaction.jta.platform.internal.NoJtaPlatform]
2024-09-08 16:09:00.835  INFO 21740 --- [main] j.LocalContainerEntityManagerFactoryBean : Initialized JPA EntityManagerFactory for persistence unit 'default'
2024-09-08 16:09:00.886  WARN 21740 --- [main] JpaBaseConfiguration$JpaWebConfiguration : spring.jpa.open-in-view is enabled by default. Therefore, database queries may be performed during view rendering. Explicitly configure spring.jpa.open-in-view to disable this warning
2024-09-08 16:09:01.600  WARN 21740 --- [main] o.s.s.c.a.web.builders.WebSecurity       : You are asking Spring Security to ignore Ant [pattern='/images/**']. This is not recommended -- please use permitAll via HttpSecurity#authorizeHttpRequests instead.
2024-09-08 16:09:01.601  INFO 21740 --- [main] o.s.s.web.DefaultSecurityFilterChain     : Will not secure Ant [pattern='/images/**']
2024-09-08 16:09:01.602  WARN 21740 --- [main] o.s.s.c.a.web.builders.WebSecurity       : You are asking Spring Security to ignore Ant [pattern='js/']. This is not recommended -- please use permitAll via HttpSecurity#authorizeHttpRequests instead.
2024-09-08 16:09:01.602  INFO 21740 --- [main] o.s.s.web.DefaultSecurityFilterChain     : Will not secure Ant [pattern='js/']
2024-09-08 16:09:01.602  WARN 21740 --- [main] o.s.s.c.a.web.builders.WebSecurity       : You are asking Spring Security to ignore Ant [pattern='/webjars/**']. This is not recommended -- please use permitAll via HttpSecurity#authorizeHttpRequests instead.
2024-09-08 16:09:01.602  INFO 21740 --- [main] o.s.s.web.DefaultSecurityFilterChain     : Will not secure Ant [pattern='/webjars/**']
2024-09-08 16:09:01.662  INFO 21740 --- [main] o.s.s.web.DefaultSecurityFilterChain     : Will secure any request with [org.springframework.security.web.session.DisableEncodeUrlFilter@18fa5af6, org.springframework.security.web.context.request.async.WebAsyncManagerIntegrationFilter@7fdabb3b, org.springframework.security.web.context.SecurityContextPersistenceFilter@af57949, org.springframework.security.web.header.HeaderWriterFilter@3ea1729e, org.springframework.security.web.csrf.CsrfFilter@2190508d, org.springframework.security.web.authentication.logout.LogoutFilter@11cdf948, org.springframework.security.web.authentication.UsernamePasswordAuthenticationFilter@28100232, org.springframework.security.web.savedrequest.RequestCacheAwareFilter@5186b78a, org.springframework.security.web.servletapi.SecurityContextHolderAwareRequestFilter@7f2542f, org.springframework.security.web.authentication.rememberme.RememberMeAuthenticationFilter@2a2815cc, org.springframework.security.web.authentication.AnonymousAuthenticationFilter@7164e28a, org.springframework.security.web.session.SessionManagementFilter@7fff419d, org.springframework.security.web.access.ExceptionTranslationFilter@53b8a0f7, org.springframework.security.web.access.intercept.FilterSecurityInterceptor@7c50709a]
2024-09-08 16:09:01.890  INFO 21740 --- [main] o.s.b.a.w.s.WelcomePageHandlerMapping    : Adding welcome page template: index
2024-09-08 16:09:02.900  INFO 21740 --- [main] o.s.b.w.embedded.tomcat.TomcatWebServer  : Tomcat started on port(s): 8080 (http) with context path '/ShopmeAdmin'
2024-09-08 16:09:02.913  INFO 21740 --- [main] c.shopme.admin.ShopmeBackEndApplication  : Started ShopmeBackEndApplication in 7.046 seconds (JVM running for 7.649)
2024-09-08 16:09:28.672  INFO 21740 --- [http-nio-8080-exec-2] o.a.c.c.C.[.[localhost].[/ShopmeAdmin]   : Initializing Spring DispatcherServlet 'dispatcherServlet'
2024-09-08 16:09:28.673  INFO 21740 --- [http-nio-8080-exec-2] o.s.web.servlet.DispatcherServlet        : Initializing Servlet 'dispatcherServlet'
2024-09-08 16:09:28.675  INFO 21740 --- [http-nio-8080-exec-2] o.s.web.servlet.DispatcherServlet        : Completed initialization in 2 ms
2024-09-08 16:11:57.663  INFO 21740 --- [SpringApplicationShutdownHook] j.LocalContainerEntityManagerFactoryBean : Closing JPA EntityManagerFactory for persistence unit 'default'
2024-09-08 16:11:57.665  INFO 21740 --- [SpringApplicationShutdownHook] com.zaxxer.hikari.HikariDataSource       : HikariPool-1 - Shutdown initiated...
2024-09-08 16:11:57.672  INFO 21740 --- [SpringApplicationShutdownHook] com.zaxxer.hikari.HikariDataSource       : HikariPool-1 - Shutdown completed.
